INFO  09:08:31 Application started. Press Ctrl+C to shut down.
INFO  09:08:32 Hosting environment: Development
INFO  09:08:32 Content root path: F:\MFPE\AuthorizationMicroservice
INFO  09:22:46 Constructor Initialized
INFO  09:22:49 List successfully fetched from Microservice
INFO  09:22:49 Successfully logged in
INFO  09:22:50 Token received
INFO  11:39:33 Application started. Press Ctrl+C to shut down.
INFO  11:39:33 Hosting environment: Development
INFO  11:39:33 Content root path: F:\MFPE\AuthorizationMicroservice
INFO  11:40:47 Constructor Initialized
INFO  11:40:50 List successfully fetched from Microservice
INFO  11:40:50 Successfully logged in Prithwiman
INFO  11:43:36 Application started. Press Ctrl+C to shut down.
INFO  11:43:36 Hosting environment: Development
INFO  11:43:36 Content root path: F:\MFPE\AuthorizationMicroservice
INFO  11:44:25 Constructor Initialized
INFO  11:44:27 List successfully fetched from Microservice
INFO  11:44:27 Successfully logged in Prithwiman
INFO  11:44:27 Token received
